**********************
Windows PowerShell transcript start
Start time: 20260506091241
Username: DESKTOP-TAPJOS3\tertho
RunAs User: DESKTOP-TAPJOS3\tertho
Configuration Name: 
Machine: DESKTOP-TAPJOS3 (Microsoft Windows NT 10.0.26200.0)
Host Application: C:\WINDOWS\System32\WindowsPowerShell\v1.0\powershell.exe -NoProfile -ExecutionPolicy Bypass -File .\run_autoscaler.ps1
Process ID: 16564
PSVersion: 5.1.26100.8115
PSEdition: Desktop
PSCompatibleVersions: 1.0, 2.0, 3.0, 4.0, 5.0, 5.1.26100.8115
BuildVersion: 10.0.26100.8115
CLRVersion: 4.0.30319.42000
WSManStackVersion: 3.0
PSRemotingProtocolVersion: 2.3
SerializationVersion: 1.1.0.1
**********************
Transcript started, output file is D:\PlagioScale\logs\host_autoscaler.log
Starting PlagioScale host_autoscaler in D:\PlagioScale
